<?xml version="1.0" encoding="UTF-8"?>
<testng-results ignored="0" total="1" passed="1" failed="0" skipped="0">
  <reporter-output>
    <line>
      <![CDATA[No of rows are::8]]>
    </line>
    <line>
      <![CDATA[Customer Number Matching::Customer-00000001572       Customer-00000001572]]>
    </line>
    <line>
      <![CDATA[Customer Number Matching::Customer-00000001573       Customer-00000001573]]>
    </line>
    <line>
      <![CDATA[Customer Number Matching::Customer-00000001574       Customer-00000001574]]>
    </line>
    <line>
      <![CDATA[Customer Number Matching::Customer-00000001575       Customer-00000001575]]>
    </line>
    <line>
      <![CDATA[Customer Number Matching::Customer-00000001576       Customer-00000001576]]>
    </line>
    <line>
      <![CDATA[Customer Number Matching::Customer-00000001577       Customer-00000001577]]>
    </line>
    <line>
      <![CDATA[Customer Number Matching::Customer-00000001578       Customer-00000001578]]>
    </line>
    <line>
      <![CDATA[Customer Number Matching::Customer-00000001579       Customer-00000001579]]>
    </line>
  </reporter-output>
  <suite started-at="2024-02-12T11:40:51 IST" name="Surefire suite" finished-at="2024-02-12T11:42:38 IST" duration-ms="107059">
    <groups>
    </groups>
    <test started-at="2024-02-12T11:40:51 IST" name="Surefire test" finished-at="2024-02-12T11:42:38 IST" duration-ms="107059">
      <class name="driverFactory.AppTest">
        <test-method is-config="true" signature="setUp()[pri:0, instance:driverFactory.AppTest@1e802ef9]" started-at="2024-02-12T11:40:51 IST" name="setUp" finished-at="2024-02-12T11:40:55 IST" duration-ms="3991" status="PASS">
          <reporter-output>
          </reporter-output>
        </test-method> <!-- setUp -->
        <test-method signature="startTest()[pri:0, instance:driverFactory.AppTest@1e802ef9]" started-at="2024-02-12T11:40:55 IST" name="startTest" finished-at="2024-02-12T11:42:38 IST" duration-ms="102356" status="PASS">
          <reporter-output>
            <line>
              <![CDATA[No of rows are::8]]>
            </line>
            <line>
              <![CDATA[Customer Number Matching::Customer-00000001572       Customer-00000001572]]>
            </line>
            <line>
              <![CDATA[Customer Number Matching::Customer-00000001573       Customer-00000001573]]>
            </line>
            <line>
              <![CDATA[Customer Number Matching::Customer-00000001574       Customer-00000001574]]>
            </line>
            <line>
              <![CDATA[Customer Number Matching::Customer-00000001575       Customer-00000001575]]>
            </line>
            <line>
              <![CDATA[Customer Number Matching::Customer-00000001576       Customer-00000001576]]>
            </line>
            <line>
              <![CDATA[Customer Number Matching::Customer-00000001577       Customer-00000001577]]>
            </line>
            <line>
              <![CDATA[Customer Number Matching::Customer-00000001578       Customer-00000001578]]>
            </line>
            <line>
              <![CDATA[Customer Number Matching::Customer-00000001579       Customer-00000001579]]>
            </line>
          </reporter-output>
        </test-method> <!-- startTest -->
        <test-method is-config="true" signature="tearDown()[pri:0, instance:driverFactory.AppTest@1e802ef9]" started-at="2024-02-12T11:42:38 IST" name="tearDown" finished-at="2024-02-12T11:42:38 IST" duration-ms="676" status="PASS">
          <reporter-output>
          </reporter-output>
        </test-method> <!-- tearDown -->
      </class> <!-- driverFactory.AppTest -->
    </test> <!-- Surefire test -->
  </suite> <!-- Surefire suite -->
</testng-results>
